mobilework1/作业一/app/build/intermediates/manifest_merge_blame_file/release/manifest-merger-blame-release-report.txt
1<?xml version="1.0" encoding="utf-8"?>
2<manifest xmlns:android="http://schemas.android.com/apk/res/android"
3    package="com.example.notes"
4    android:versionCode="1"
5    android:versionName="1.0" >
6
7    <uses-sdk
8        android:minSdkVersion="24"
8-->src\main\AndroidManifest.xml
9        android:targetSdkVersion="33" />
9-->src\main\AndroidManifest.xml
10
11    <queries>
11-->[com.blankj:utilcodex:1.31.1] AndroidManifest.xml:9:5-16:15
12        <intent>
12-->[com.blankj:utilcodex:1.31.1] AndroidManifest.xml:10:9-12:18
13            <action android:name="android.intent.action.MAIN" />
13-->src\main\AndroidManifest.xml:24:17-69
13-->src\main\AndroidManifest.xml:24:25-66
14        </intent>
15        <intent>
15-->[com.blankj:utilcodex:1.31.1] AndroidManifest.xml:13:9-15:18
16            <action android:name="android.intent.action.VIEW" />
16-->[com.blankj:utilcodex:1.31.1] AndroidManifest.xml:14:13-65
16-->[com.blankj:utilcodex:1.31.1] AndroidManifest.xml:14:21-62
17        </intent>
18    </queries>
19
20    <application
20-->src\main\AndroidManifest.xml:5:5-32:19
21        android:allowBackup="true"
21-->src\main\AndroidManifest.xml:6:9-35
22        android:appComponentFactory="androidx.core.app.CoreComponentFactory"
22-->[androidx.core:core:1.7.0] AndroidManifest.xml:24:18-86
23        android:dataExtractionRules="@xml/data_extraction_rules"
23-->src\main\AndroidManifest.xml:7:9-65
24        android:extractNativeLibs="false"
25        android:fullBackupContent="@xml/backup_rules"
25-->src\main\AndroidManifest.xml:8:9-54
26        android:icon="@mipmap/ic_launcher"
26-->src\main\AndroidManifest.xml:9:9-43
27        android:label="@string/app_name"
27-->src\main\AndroidManifest.xml:10:9-41
28        android:supportsRtl="true"
28-->src\main\AndroidManifest.xml:11:9-35
29        android:theme="@style/Theme.Design.Light.NoActionBar" >
29-->src\main\AndroidManifest.xml:12:9-62
30        <activity
30-->src\main\AndroidManifest.xml:14:9-16:40
31            android:name="com.example.notes.ui.AddNote"
31-->src\main\AndroidManifest.xml:15:13-39
32            android:exported="false" />
32-->src\main\AndroidManifest.xml:16:13-37
33        <activity
33-->src\main\AndroidManifest.xml:17:9-19:40
34            android:name="com.example.notes.ui.Register"
34-->src\main\AndroidManifest.xml:18:13-40
35            android:exported="false" />
35-->src\main\AndroidManifest.xml:19:13-37
36        <activity
36-->src\main\AndroidManifest.xml:20:9-28:20
37            android:name="com.example.notes.ui.Login"
37-->src\main\AndroidManifest.xml:21:13-37
38            android:exported="true" >
38-->src\main\AndroidManifest.xml:22:13-36
39            <intent-filter>
39-->src\main\AndroidManifest.xml:23:13-27:29
40                <action android:name="android.intent.action.MAIN" />
40-->src\main\AndroidManifest.xml:24:17-69
40-->src\main\AndroidManifest.xml:24:25-66
41
42                <category android:name="android.intent.category.LAUNCHER" />
42-->src\main\AndroidManifest.xml:26:17-77
42-->src\main\AndroidManifest.xml:26:27-74
43            </intent-filter>
44        </activity>
45        <activity
45-->src\main\AndroidManifest.xml:29:9-31:39
46            android:name="com.example.notes.ui.MainActivity"
46-->src\main\AndroidManifest.xml:30:13-44
47            android:exported="false" />
47-->src\main\AndroidManifest.xml:31:13-37
48        <activity
48-->[com.blankj:utilcodex:1.31.1] AndroidManifest.xml:19:9-24:75
49            android:name="com.blankj.utilcode.util.UtilsTransActivity4MainProcess"
49-->[com.blankj:utilcodex:1.31.1] AndroidManifest.xml:20:13-83
50            android:configChanges="orientation|keyboardHidden|screenSize"
50-->[com.blankj:utilcodex:1.31.1] AndroidManifest.xml:21:13-74
51            android:exported="false"
51-->[com.blankj:utilcodex:1.31.1] AndroidManifest.xml:22:13-37
52            android:theme="@style/ActivityTranslucent"
52-->[com.blankj:utilcodex:1.31.1] AndroidManifest.xml:23:13-55
53            android:windowSoftInputMode="stateHidden|stateAlwaysHidden" />
53-->[com.blankj:utilcodex:1.31.1] AndroidManifest.xml:24:13-72
54        <activity
54-->[com.blankj:utilcodex:1.31.1] AndroidManifest.xml:25:9-31:75
55            android:name="com.blankj.utilcode.util.UtilsTransActivity"
55-->[com.blankj:utilcodex:1.31.1] AndroidManifest.xml:26:13-71
56            android:configChanges="orientation|keyboardHidden|screenSize"
56-->[com.blankj:utilcodex:1.31.1] AndroidManifest.xml:27:13-74
57            android:exported="false"
57-->[com.blankj:utilcodex:1.31.1] AndroidManifest.xml:28:13-37
58            android:multiprocess="true"
58-->[com.blankj:utilcodex:1.31.1] AndroidManifest.xml:29:13-40
59            android:theme="@style/ActivityTranslucent"
59-->[com.blankj:utilcodex:1.31.1] AndroidManifest.xml:30:13-55
60            android:windowSoftInputMode="stateHidden|stateAlwaysHidden" />
60-->[com.blankj:utilcodex:1.31.1] AndroidManifest.xml:31:13-72
61
62        <provider
62-->[com.blankj:utilcodex:1.31.1] AndroidManifest.xml:33:9-41:20
63            android:name="com.blankj.utilcode.util.UtilsFileProvider"
63-->[com.blankj:utilcodex:1.31.1] AndroidManifest.xml:34:13-70
64            android:authorities="com.example.notes.utilcode.fileprovider"
64-->[com.blankj:utilcodex:1.31.1] AndroidManifest.xml:35:13-73
65            android:exported="false"
65-->[com.blankj:utilcodex:1.31.1] AndroidManifest.xml:36:13-37
66            android:grantUriPermissions="true" >
66-->[com.blankj:utilcodex:1.31.1] AndroidManifest.xml:37:13-47
67            <meta-data
67-->[com.blankj:utilcodex:1.31.1] AndroidManifest.xml:38:13-40:68
68                android:name="android.support.FILE_PROVIDER_PATHS"
68-->[com.blankj:utilcodex:1.31.1] AndroidManifest.xml:39:17-67
69                android:resource="@xml/util_code_provider_paths" />
69-->[com.blankj:utilcodex:1.31.1] AndroidManifest.xml:40:17-65
70        </provider>
71
72        <service
72-->[com.blankj:utilcodex:1.31.1] AndroidManifest.xml:43:9-49:19
73            android:name="com.blankj.utilcode.util.MessengerUtils$ServerService"
73-->[com.blankj:utilcodex:1.31.1] AndroidManifest.xml:44:13-81
74            android:exported="false" >
74-->[com.blankj:utilcodex:1.31.1] AndroidManifest.xml:45:13-37
75            <intent-filter>
75-->[com.blankj:utilcodex:1.31.1] AndroidManifest.xml:46:13-48:29
76                <action android:name="com.example.notes.messenger" />
76-->[com.blankj:utilcodex:1.31.1] AndroidManifest.xml:47:17-69
76-->[com.blankj:utilcodex:1.31.1] AndroidManifest.xml:47:25-66
77            </intent-filter>
78        </service>
79
80        <provider
80-->[androidx.emoji2:emoji2:1.0.0] AndroidManifest.xml:26:9-34:20
81            android:name="androidx.startup.InitializationProvider"
81-->[androidx.emoji2:emoji2:1.0.0] AndroidManifest.xml:27:13-67
82            android:authorities="com.example.notes.androidx-startup"
82-->[androidx.emoji2:emoji2:1.0.0] AndroidManifest.xml:28:13-68
83            android:exported="false" >
83-->[androidx.emoji2:emoji2:1.0.0] AndroidManifest.xml:29:13-37
84            <meta-data
84-->[androidx.emoji2:emoji2:1.0.0] AndroidManifest.xml:31:13-33:52
85                android:name="androidx.emoji2.text.EmojiCompatInitializer"
85-->[androidx.emoji2:emoji2:1.0.0] AndroidManifest.xml:32:17-75
86                android:value="androidx.startup" />
86-->[androidx.emoji2:emoji2:1.0.0] AndroidManifest.xml:33:17-49
87            <meta-data
87-->[androidx.lifecycle:lifecycle-process:2.4.0] AndroidManifest.xml:31:13-33:52
88                android:name="androidx.lifecycle.ProcessLifecycleInitializer"
88-->[androidx.lifecycle:lifecycle-process:2.4.0] AndroidManifest.xml:32:17-78
89                android:value="androidx.startup" />
89-->[androidx.lifecycle:lifecycle-process:2.4.0] AndroidManifest.xml:33:17-49
90        </provider>
91    </application>
92
93</manifest>